[2026-04-28 15:48:24] [INFO] Database connected: lost_and_found
[2026-04-28 15:48:25] [INFO] Server started at http://localhost:8080
[2026-04-28 15:50:02] [ACT] LOGIN_FAILED by omgHectorItWorks - ip=0:0:0:0:0:0:0:1
[2026-04-28 15:50:03] [ACT] LOGIN_FAILED by omgHectorItWorks - ip=0:0:0:0:0:0:0:1
[2026-04-28 15:50:05] [ACT] LOGIN_FAILED by omgHectorItWorks - ip=0:0:0:0:0:0:0:1
[2026-04-28 15:50:05] [ACT] LOGIN_FAILED by omgHectorItWorks - ip=0:0:0:0:0:0:0:1
[2026-04-28 15:50:06] [ACT] LOGIN_FAILED by omgHectorItWorks - ip=0:0:0:0:0:0:0:1
[2026-04-28 15:50:07] [ACT] LOGIN_FAILED by omgHectorItWorks - ip=0:0:0:0:0:0:0:1
[2026-04-28 15:50:14] [ACT] LOGIN_FAILED by omgHectorItWorks - ip=0:0:0:0:0:0:0:1
[2026-04-28 15:50:22] [ACT] SIGNUP by Hekitroller - ip=0:0:0:0:0:0:0:1
[2026-04-28 15:50:40] [ACT] LOGIN by Hekitroller - ip=0:0:0:0:0:0:0:1
[2026-04-28 15:50:41] [ACT] LOGIN by Hekitroller - ip=0:0:0:0:0:0:0:1
[2026-04-28 15:52:06] [ACT] GEOCODE by anon - q="CCE" status=200
[2026-04-28 15:52:07] [ACT] GEOCODE by anon - q="CCE Skills Clinic" status=200
[2026-04-28 15:52:08] [ACT] CREATE_ITEM by Hekitroller - id=3 type=LOST
[2026-04-28 15:52:34] [ACT] DELETE_ITEM by Hekitroller - id=3
[2026-04-28 15:53:23] [ACT] GEOCODE by anon - q="CCE" status=200
[2026-04-28 15:53:24] [ACT] GEOCODE by anon - q="CCE" status=200
[2026-04-28 15:53:28] [ACT] GEOCODE by anon - q="CCE Skills Clinic" status=200
[2026-04-28 15:53:29] [ACT] CREATE_ITEM by Hekitroller - id=4 type=FOUND
[2026-04-28 15:54:04] [ACT] CREATE_CLAIM by Hekitroller - claim=1 item=2
[2026-04-28 15:54:26] [ACT] LOGOUT by Hekitroller - ip=0:0:0:0:0:0:0:1
[2026-04-28 15:54:33] [ACT] LOGIN by admin - ip=0:0:0:0:0:0:0:1
[2026-04-28 15:54:44] [ACT] LOGOUT by admin - ip=0:0:0:0:0:0:0:1
[2026-04-28 15:54:50] [ACT] LOGIN by admin - ip=0:0:0:0:0:0:0:1
[2026-04-28 15:54:55] [ACT] LOGOUT by admin - ip=0:0:0:0:0:0:0:1
[2026-04-28 15:57:36] [ACT] SIGNUP by TeamBangan - ip=0:0:0:0:0:0:0:1
[2026-04-28 15:58:01] [ACT] LOGIN_FAILED by HectorVircheRaymark - ip=0:0:0:0:0:0:0:1
[2026-04-28 15:58:08] [ACT] LOGIN_FAILED by HectorVircheRaymark - ip=0:0:0:0:0:0:0:1
[2026-04-28 15:58:13] [ACT] LOGIN_FAILED by HectorVircheRaymark - ip=0:0:0:0:0:0:0:1
[2026-04-28 15:58:16] [ACT] LOGIN_FAILED by HectorVircheRaymark - ip=0:0:0:0:0:0:0:1
[2026-04-28 15:58:48] [ACT] LOGIN by TeamBangan - ip=0:0:0:0:0:0:0:1
[2026-04-28 15:59:51] [ACT] CREATE_ITEM by TeamBangan - id=5 type=LOST
[2026-04-28 15:59:52] [ACT] GEOCODE by anon - q="CCE Skills Clinic" status=200
[2026-04-28 16:00:58] [ACT] GEOCODE by anon - q="CCE SKills" status=200
[2026-04-28 16:00:58] [ACT] GEOCODE by anon - q="CCE SKills" status=200
[2026-04-28 16:01:01] [ACT] GEOCODE by anon - q="CCE DPT" status=200
[2026-04-28 16:01:02] [ACT] GEOCODE by anon - q="CCE D" status=200
[2026-04-28 16:01:03] [ACT] GEOCODE by anon - q="CCE DPT" status=200
[2026-04-28 16:01:05] [ACT] GEOCODE by anon - q="CCE DPT Building" status=200
[2026-04-28 16:01:06] [ACT] CREATE_ITEM by TeamBangan - id=6 type=FOUND
[2026-04-28 16:01:24] [ACT] LOGOUT by TeamBangan - ip=0:0:0:0:0:0:0:1
[2026-04-28 16:01:35] [ACT] LOGIN by admin - ip=0:0:0:0:0:0:0:1
[2026-04-28 16:02:09] [ACT] LOGOUT by admin - ip=0:0:0:0:0:0:0:1
